2013-01-26 12:19:33,609 - [INFO] - from play in main 
Listening for HTTP on port 9000...

2013-01-26 12:19:59,344 - [INFO] - from play in play-akka.actor.default-dispatcher-3 
Application started (Dev)

2013-01-26 12:28:50,011 - [INFO] - from play in play-akka.actor.default-dispatcher-3 
Application started (Dev)

2013-01-26 12:30:36,807 - [INFO] - from play in play-akka.actor.default-dispatcher-5 
Application started (Dev)

2013-01-26 12:31:07,730 - [INFO] - from play in play-akka.actor.default-dispatcher-9 
Application started (Dev)

2013-01-26 12:35:22,359 - [INFO] - from play in play-akka.actor.default-dispatcher-14 
Application started (Dev)

2013-01-26 12:38:24,694 - [ERROR] - from application in New I/O  worker #2 


! Internal server error, for request [GET /] ->

sbt.PlayExceptions$CompilationException: Compilation error [missing arguments for method at in class ReverseAssets;
follow this method with `_' if you want to treat it as a partially applied function]
	at sbt.PlayReloader$$anon$2$$anonfun$reload$3$$anonfun$4$$anonfun$apply$12$$anonfun$apply$13.apply(PlayReloader.scala:236) ~[na:na]
	at sbt.PlayReloader$$anon$2$$anonfun$reload$3$$anonfun$4$$anonfun$apply$12$$anonfun$apply$13.apply(PlayReloader.scala:236) ~[na:na]
	at scala.Option.map(Option.scala:133) ~[scala-library.jar:0.11.3]
	at sbt.PlayReloader$$anon$2$$anonfun$reload$3$$anonfun$4$$anonfun$apply$12.apply(PlayReloader.scala:236) ~[na:na]
	at sbt.PlayReloader$$anon$2$$anonfun$reload$3$$anonfun$4$$anonfun$apply$12.apply(PlayReloader.scala:233) ~[na:na]
	at scala.Option.map(Option.scala:133) ~[scala-library.jar:0.11.3]
	at sbt.PlayReloader$$anon$2$$anonfun$reload$3$$anonfun$4.apply(PlayReloader.scala:233) ~[na:na]
	at sbt.PlayReloader$$anon$2$$anonfun$reload$3$$anonfun$4.apply(PlayReloader.scala:231) ~[na:na]
	at scala.Either$LeftProjection.map(Either.scala:183) ~[scala-library.jar:0.11.3]
	at sbt.PlayReloader$$anon$2$$anonfun$reload$3.apply(PlayReloader.scala:231) ~[na:na]
	at sbt.PlayReloader$$anon$2$$anonfun$reload$3.apply(PlayReloader.scala:226) ~[na:na]
	at scala.Option.getOrElse(Option.scala:108) ~[scala-library.jar:0.11.3]
	at sbt.PlayReloader$$anon$2.reload(PlayReloader.scala:226) ~[na:na]
	at play.core.ReloadableApplication$$anonfun$get$1.apply(ApplicationProvider.scala:110) ~[play_2.9.1.jar:2.0.4]
	at play.core.ReloadableApplication$$anonfun$get$1.apply(ApplicationProvider.scala:110) ~[play_2.9.1.jar:2.0.4]
	at akka.dispatch.Future$$anon$3.liftedTree1$1(Future.scala:195) ~[akka-actor.jar:2.0.2]
	at akka.dispatch.Future$$anon$3.run(Future.scala:194) ~[akka-actor.jar:2.0.2]
	at akka.dispatch.TaskInvocation.run(AbstractDispatcher.scala:94) ~[akka-actor.jar:2.0.2]
	at akka.jsr166y.ForkJoinTask$AdaptedRunnableAction.exec(ForkJoinTask.java:1381) ~[akka-actor.jar:2.0.2]
	at akka.jsr166y.ForkJoinTask.doExec(ForkJoinTask.java:259) ~[akka-actor.jar:2.0.2]
	at akka.jsr166y.ForkJoinPool$WorkQueue.runTask(ForkJoinPool.java:975) ~[akka-actor.jar:2.0.2]
	at akka.jsr166y.ForkJoinPool.runWorker(ForkJoinPool.java:1479) ~[akka-actor.jar:2.0.2]
	at akka.jsr166y.ForkJoinWorkerThread.run(ForkJoinWorkerThread.java:104) ~[akka-actor.jar:2.0.2]

